<?xml version="1.0" encoding="UTF-8"?>
<testng-results ignored="0" total="1" passed="1" failed="0" skipped="0">
  <reporter-output>
  </reporter-output>
  <suite started-at="2025-10-07T22:40:52 EDT" name="Default suite" finished-at="2025-10-07T22:41:03 EDT" duration-ms="10171">
    <groups>
    </groups>
    <test started-at="2025-10-07T22:40:52 EDT" name="Default test" finished-at="2025-10-07T22:41:03 EDT" duration-ms="10171">
      <class name="pageFactoryExamples.pageFactoryProject.hardCoded_ProductCatalogue">
        <test-method signature="cartPanel()[pri:0, instance:pageFactoryExamples.pageFactoryProject.hardCoded_ProductCatalogue@7cc0cdad]" started-at="2025-10-07T22:40:52 EDT" name="cartPanel" finished-at="2025-10-07T22:41:03 EDT" duration-ms="10128" status="PASS">
          <reporter-output>
          </reporter-output>
        </test-method> <!-- cartPanel -->
      </class> <!-- pageFactoryExamples.pageFactoryProject.hardCoded_ProductCatalogue -->
    </test> <!-- Default test -->
  </suite> <!-- Default suite -->
</testng-results>
