<?xml version="1.0" encoding="UTF-8"?>
<testng-results ignored="0" total="1" passed="1" failed="0" skipped="0">
  <reporter-output>
  </reporter-output>
  <suite started-at="2025-08-19T22:28:05 EDT" name="Default suite" finished-at="2025-08-19T22:28:21 EDT" duration-ms="16325">
    <groups>
    </groups>
    <test started-at="2025-08-19T22:28:05 EDT" name="Default test" finished-at="2025-08-19T22:28:21 EDT" duration-ms="16325">
      <class name="pageFactoryExamples.pageFactoryProject.faceBookLogin">
        <test-method signature="faceBookLoginTest()[pri:0, instance:pageFactoryExamples.pageFactoryProject.faceBookLogin@31304f14]" started-at="2025-08-19T22:28:05 EDT" name="faceBookLoginTest" finished-at="2025-08-19T22:28:21 EDT" duration-ms="16278" status="PASS">
          <reporter-output>
          </reporter-output>
        </test-method> <!-- faceBookLoginTest -->
      </class> <!-- pageFactoryExamples.pageFactoryProject.faceBookLogin -->
    </test> <!-- Default test -->
  </suite> <!-- Default suite -->
</testng-results>
