<?xml version="1.0" encoding="UTF-8"?>
<!-- Generated by org.testng.reporters.JUnitReportReporter -->
<testsuite hostname="Ahmad" failures="0" tests="1" name="pageFactoryExamples.pageFactoryProject.hardCoded_ProductCatalogue" time="10.128" errors="0" timestamp="2025-10-07T22:41:03 EDT" skipped="0">
  <testcase classname="pageFactoryExamples.pageFactoryProject.hardCoded_ProductCatalogue" name="cartPanel" time="10.128"/>
</testsuite> <!-- pageFactoryExamples.pageFactoryProject.hardCoded_ProductCatalogue -->
